<?xml version="1.0" encoding="UTF-8"?>
<testng-results ignored="0" total="1" passed="1" failed="0" skipped="0">
  <reporter-output>
    <line>
      <![CDATA[Test Case Executed]]>
    </line>
  </reporter-output>
  <suite started-at="2024-10-29T16:45:04 IST" name="Default suite" finished-at="2024-10-29T16:45:04 IST" duration-ms="68">
    <groups>
    </groups>
    <test started-at="2024-10-29T16:45:04 IST" name="Default test" finished-at="2024-10-29T16:45:04 IST" duration-ms="68">
      <class name="Smoke.PrpgramTest">
        <test-method signature="testCase()[pri:0, instance:Smoke.PrpgramTest@63376bed]" started-at="2024-10-29T16:45:04 IST" name="testCase" finished-at="2024-10-29T16:45:04 IST" duration-ms="12" status="PASS">
          <reporter-output>
            <line>
              <![CDATA[Test Case Executed]]>
            </line>
          </reporter-output>
        </test-method> <!-- testCase -->
      </class> <!-- Smoke.PrpgramTest -->
    </test> <!-- Default test -->
  </suite> <!-- Default suite -->
</testng-results>
